planning time: 194µsexecution time: 4.4sdistribution: localvectorized: trueplan type: generic, reusedrows decoded from KV: 1,101,238 (464 MiB, 47 gRPC calls)cumulative time spent in KV: 1.5smaximum memory usage: 122 MiBDistSQL network usage: 0 B (0 messages)max sql temp disk usage: 74 MiBsql cpu time: 3.2sisolation level: serializablepriority: normalquality of service: regular• render│└── • limit    │ count: 5    │    └── • filter        │ sql nodes: n1        │ actual row count: 5        │ execution time: 10µs        │ sql cpu time: 10µs        │ estimated row count: 1        │ filter: row_number = 1        │        └── • window            │ sql nodes: n1            │ actual row count: 1,024            │ execution time: 359ms            │ estimated max memory allocated: 71 MiB            │ sql cpu time: 301ms            │ estimated row count: 368,267            │            └── • render                │                └── • hash join                    │ sql nodes: n1                    │ actual row count: 400,927                    │ execution time: 1.9s                    │ estimated max memory allocated: 77 MiB                    │ sql cpu time: 1.6s                    │ estimated row count: 368,267                    │ equality: (spotify_id) = (id)                    │ left cols are key                    │ right cols are key                    │                    ├── • scan                    │     sql nodes: n1                    │     kv nodes: n1                    │     actual row count: 550,619                    │     KV time: 1s                    │     KV rows decoded: 550,619                    │     KV bytes read: 317 MiB                    │     KV gRPC calls: 32                    │     estimated max memory allocated: 11 MiB                    │     sql cpu time: 583ms                    │     estimated row count: 574,254 (100% of the table; stats collected 1 hour ago; using stats forecast for 59 minutes ago)                    │     table: song_vectors@song_vectors_pkey                    │     spans: FULL SCAN                    │                    └── • filter                        │ sql nodes: n1                        │ actual row count: 400,927                        │ execution time: 2ms                        │ sql cpu time: 2ms                        │ estimated row count: 368,267                        │ filter: year <= 2016                        │                        └── • scan                              sql nodes: n1                              kv nodes: n1                              actual row count: 550,619                              KV time: 491ms                              KV rows decoded: 550,619                              KV bytes read: 147 MiB                              KV gRPC calls: 15                              estimated max memory allocated: 10 MiB                              sql cpu time: 204ms                              estimated row count: 505,005 (100% of the table; stats collected 2 hours ago)                              table: songs@songs_pkey                              spans: FULL SCAN