planning time: 5msexecution time: 292msdistribution: localvectorized: trueplan type: customrows decoded from KV: 1,525 (720 KiB, 2 gRPC calls)cumulative time spent in KV: 207msmaximum memory usage: 1.3 MiBDistSQL network usage: 0 B (0 messages)sql cpu time: 62msisolation level: serializablepriority: normalquality of service: regular• top-k│ sql nodes: n1│ actual row count: 10│ execution time: 87µs│ estimated max memory allocated: 10 KiB│ sql cpu time: 87µs│ estimated row count: 1│ order: -similarity│ k: 10│└── • render    │    └── • filter        │ sql nodes: n1        │ actual row count: 159        │ execution time: 3ms        │ sql cpu time: 3ms        │ estimated row count: 1        │ filter: row_number = 1        │        └── • window            │ sql nodes: n1            │ actual row count: 165            │ execution time: 480µs            │ estimated max memory allocated: 89 KiB            │ sql cpu time: 478µs            │ estimated row count: 500            │            └── • render                │                └── • lookup join                    │ sql nodes: n1                    │ kv nodes: n1                    │ actual row count: 165                    │ KV time: 106ms                    │ KV rows decoded: 500                    │ KV bytes read: 135 KiB                    │ KV gRPC calls: 1                    │ execution time: 111ms                    │ estimated max memory allocated: 200 KiB                    │ sql cpu time: 4ms                    │ estimated row count: 500                    │ table: songs@songs_pkey                    │ equality: (spotify_id) = (id)                    │ equality cols are key                    │ pred: year <= 2016                    │                    └── • top-k                        │ sql nodes: n1                        │ actual row count: 500                        │ execution time: 4ms                        │ estimated max memory allocated: 50 KiB                        │ sql cpu time: 4ms                        │ estimated row count: 500                        │ order: +distance                        │ k: 500                        │                        └── • render                            │                            └── • lookup join                                │ sql nodes: n1                                │ kv nodes: n1                                │ actual row count: 1,025                                │ KV time: 101ms                                │ KV rows decoded: 1,025                                │ KV bytes read: 584 KiB                                │ KV gRPC calls: 1                                │ execution time: 110ms                                │ estimated max memory allocated: 280 KiB                                │ sql cpu time: 9ms                                │ table: song_vectors@song_vectors_pkey                                │ equality: (id) = (id)                                │ equality cols are key                                │                                └── • vector search                                      sql nodes: n1                                      actual row count: 1,025                                      execution time: 55ms                                      sql cpu time: 38ms                                      table: song_vectors@song_vectors_embedding_idx                                      target count: 500